AUDIT - Request GET /users/company received
AUDIT - Start retrieving companies
AUDIT - Retrieved companies count: 24
AUDIT - Request GET /users/company/edit for company id=1
AUDIT - Fetched CompanyRequest for companyId=1 (username=company_user1)
AUDIT - Request POST /users/company/update for company id=1
AUDIT - Updated company id=1 (new username=company_user1, name=First1 Last1, address=Address 1, website=https://www.company1.com)
AUDIT - Request GET /users/company received
AUDIT - Start retrieving companies
AUDIT - Retrieved companies count: 24
AUDIT - Request GET /users/company/delete for company id=1
AUDIT - Deleted company id=1 (username=company_user1) and related jobs/applications
AUDIT - Request GET /users/company received
AUDIT - Start retrieving companies
AUDIT - Retrieved companies count: 23
AUDIT - Request POST /users/company/save received
AUDIT - Created company id=26 name=Digit Indonesia with user id=52 username=PT Fair
AUDIT - Request GET /users/company received
AUDIT - Start retrieving companies
AUDIT - Retrieved companies count: 24
